7/7/2017 5:21:19 PM	This log contains information about the import schema operation into project 'VideoCollection' on computer 'SNODRND0055' by user 'greentx'.
7/7/2017 5:21:20 PM	Import of database schema has started.
7/7/2017 5:21:22 PM	Gathering logins
7/7/2017 5:24:00 PM	Gathering database credentials
7/7/2017 5:24:00 PM	Gathering database options
7/7/2017 5:24:00 PM	Gathering users
7/7/2017 5:24:00 PM	Gathering roles
7/7/2017 5:24:00 PM	Gathering application roles
7/7/2017 5:24:00 PM	Gathering role memberships
7/7/2017 5:24:00 PM	Gathering filegroups
7/7/2017 5:24:00 PM	Gathering full-text catalogs
7/7/2017 5:24:00 PM	Gathering assemblies
7/7/2017 5:24:00 PM	Gathering certificates
7/7/2017 5:24:00 PM	Gathering symmetric keys
7/7/2017 5:24:00 PM	Gathering encrypted symmetric keys
7/7/2017 5:24:00 PM	Gathering schemas
7/7/2017 5:24:00 PM	Gathering XML schema collections
7/7/2017 5:24:00 PM	Gathering user-defined data types
7/7/2017 5:24:00 PM	Gathering user-defined types
7/7/2017 5:24:00 PM	Gathering table types
7/7/2017 5:24:00 PM	Gathering unique keys for table types
7/7/2017 5:24:00 PM	Gathering primary keys for table types
7/7/2017 5:24:00 PM	Gathering indexes for table types
7/7/2017 5:24:00 PM	Gathering check constraints for table types
7/7/2017 5:24:00 PM	Gathering default constraints for table types
7/7/2017 5:24:00 PM	Gathering partition functions
7/7/2017 5:24:00 PM	Gathering partition schemes
7/7/2017 5:24:00 PM	Gathering functions
7/7/2017 5:24:00 PM	Gathering encrypted functions
7/7/2017 5:24:00 PM	Gathering aggregates
7/7/2017 5:24:00 PM	Gathering procedures
7/7/2017 5:24:00 PM	Gathering encrypted procedures
7/7/2017 5:24:00 PM	Gathering tables
7/7/2017 5:24:00 PM	Gathering primary keys
7/7/2017 5:24:00 PM	Gathering unique constraints
7/7/2017 5:24:00 PM	Gathering foreign keys
7/7/2017 5:24:00 PM	Gathering default constraints
7/7/2017 5:24:00 PM	Gathering check constraints
7/7/2017 5:24:00 PM	Gathering views
7/7/2017 5:24:00 PM	Gathering encrypted views
7/7/2017 5:24:00 PM	Gathering indexes
7/7/2017 5:24:00 PM	Gathering statistics
7/7/2017 5:24:00 PM	Gathering full-text index stoplists
7/7/2017 5:24:00 PM	Gathering search property lists
7/7/2017 5:24:00 PM	Gathering search properties
7/7/2017 5:24:00 PM	Gathering full-text indexes
7/7/2017 5:24:00 PM	Gathering column store indexes
7/7/2017 5:24:00 PM	Gathering spatial indexes
7/7/2017 5:24:00 PM	Gathering XML indexes
7/7/2017 5:24:00 PM	Gathering Selective XML indexes
7/7/2017 5:24:01 PM	Gathering encrypted triggers
7/7/2017 5:24:01 PM	Gathering triggers
7/7/2017 5:24:01 PM	Gathering encrypted and clr ddl triggers
7/7/2017 5:24:01 PM	Gathering ddl triggers
7/7/2017 5:24:01 PM	Gathering synonyms
7/7/2017 5:24:01 PM	Gathering defaults
7/7/2017 5:24:01 PM	Gathering data constraint uddt bindings
7/7/2017 5:24:01 PM	Gathering rules
7/7/2017 5:24:01 PM	Gathering data constraint uddt bindings
7/7/2017 5:24:01 PM	Gathering message types
7/7/2017 5:24:01 PM	Gathering queues
7/7/2017 5:24:01 PM	Gathering contracts
7/7/2017 5:24:01 PM	Gathering services
7/7/2017 5:24:01 PM	Gathering event notifications
7/7/2017 5:24:01 PM	Gathering remote service bindings
7/7/2017 5:24:01 PM	Gathering broker priorities
7/7/2017 5:24:01 PM	Gathering signatures
7/7/2017 5:24:01 PM	Gathering data compression options
7/7/2017 5:24:01 PM	Gathering sequence types
7/7/2017 5:24:01 PM	Gathering security policies
7/7/2017 5:24:01 PM	Gather column encryption keys
7/7/2017 5:24:01 PM	Gathering column master keys
7/7/2017 5:24:01 PM	Gathering external data sources
7/7/2017 5:24:01 PM	Gathering external tables
7/7/2017 5:24:01 PM	Gathering extended properties
7/7/2017 5:24:02 PM	Gathering logins
7/7/2017 5:24:03 PM	Scanning project for duplicate elements
7/7/2017 5:24:04 PM	Finished duplicate element processing
7/7/2017 5:24:05 PM	Finished importing database.
7/7/2017 5:24:05 PM	A summary of the import was saved to the following location: d:\Users\greentx.NA\Documents\Visual Studio 2017\Projects\VideoCollection\VideoCollection\Import Schema Logs\VideoCollection_20170708122119.log
7/7/2017 5:24:05 PM	Click Finish to continue...
