5/3/2017 11:18:40 AM	This log contains information about the import schema operation into project 'portal-Sequence' on computer 'SNODRND0055' by user 'greentx'.
5/3/2017 11:18:41 AM	Import of database schema has started.
5/3/2017 11:18:49 AM	Gathering database options
5/3/2017 11:18:49 AM	Gathering users
5/3/2017 11:18:49 AM	Gathering roles
5/3/2017 11:18:49 AM	Gathering application roles
5/3/2017 11:18:49 AM	Gathering role memberships
5/3/2017 11:18:49 AM	Gathering filegroups
5/3/2017 11:18:49 AM	Gathering full-text catalogs
5/3/2017 11:18:49 AM	Gathering assemblies
5/3/2017 11:18:49 AM	Gathering certificates
5/3/2017 11:18:49 AM	Gathering asymmetric keys
5/3/2017 11:18:49 AM	Gathering symmetric keys
5/3/2017 11:18:49 AM	Gathering encrypted symmetric keys
5/3/2017 11:18:49 AM	Gathering schemas
5/3/2017 11:18:49 AM	Gathering XML schema collections
5/3/2017 11:18:49 AM	Gathering user-defined data types
5/3/2017 11:18:49 AM	Gathering user-defined types
5/3/2017 11:18:49 AM	Gathering table types
5/3/2017 11:18:49 AM	Gathering unique keys for table types
5/3/2017 11:18:49 AM	Gathering primary keys for table types
5/3/2017 11:18:49 AM	Gathering indexes for table types
5/3/2017 11:18:49 AM	Gathering check constraints for table types
5/3/2017 11:18:49 AM	Gathering default constraints for table types
5/3/2017 11:18:49 AM	Gathering partition functions
5/3/2017 11:18:49 AM	Gathering partition schemes
5/3/2017 11:18:49 AM	Gathering functions
5/3/2017 11:18:49 AM	Gathering encrypted functions
5/3/2017 11:18:49 AM	Gathering aggregates
5/3/2017 11:18:49 AM	Gathering procedures
5/3/2017 11:18:50 AM	Gathering encrypted procedures
5/3/2017 11:18:50 AM	Gathering tables
5/3/2017 11:18:50 AM	Gathering primary keys
5/3/2017 11:18:50 AM	Gathering unique constraints
5/3/2017 11:18:50 AM	Gathering foreign keys
5/3/2017 11:18:50 AM	Gathering default constraints
5/3/2017 11:18:50 AM	Gathering check constraints
5/3/2017 11:18:50 AM	Gathering views
5/3/2017 11:18:50 AM	Gathering encrypted views
5/3/2017 11:18:50 AM	Gathering indexes
5/3/2017 11:18:51 AM	Gathering statistics
5/3/2017 11:18:51 AM	Gathering full-text index stoplists
5/3/2017 11:18:51 AM	Gathering search property lists
5/3/2017 11:18:51 AM	Gathering search properties
5/3/2017 11:18:51 AM	Gathering full-text indexes
5/3/2017 11:18:51 AM	Gathering column store indexes
5/3/2017 11:18:51 AM	Gathering spatial indexes
5/3/2017 11:18:51 AM	Gathering XML indexes
5/3/2017 11:18:51 AM	Gathering Selective XML indexes
5/3/2017 11:18:51 AM	Gathering encrypted triggers
5/3/2017 11:18:51 AM	Gathering triggers
5/3/2017 11:18:51 AM	Gathering encrypted and clr ddl triggers
5/3/2017 11:18:51 AM	Gathering ddl triggers
5/3/2017 11:18:51 AM	Gathering synonyms
5/3/2017 11:18:51 AM	Gathering defaults
5/3/2017 11:18:51 AM	Gathering data constraint uddt bindings
5/3/2017 11:18:51 AM	Gathering rules
5/3/2017 11:18:51 AM	Gathering data constraint uddt bindings
5/3/2017 11:18:51 AM	Gathering message types
5/3/2017 11:18:51 AM	Gathering queues
5/3/2017 11:18:51 AM	Gathering contracts
5/3/2017 11:18:51 AM	Gathering services
5/3/2017 11:18:51 AM	Gathering event notifications
5/3/2017 11:18:51 AM	Gathering remote service bindings
5/3/2017 11:18:51 AM	Gathering broker priorities
5/3/2017 11:18:51 AM	Gathering signatures
5/3/2017 11:18:51 AM	Gathering data compression options
5/3/2017 11:18:51 AM	Gathering sequence types
5/3/2017 11:18:51 AM	Gathering database permissions
5/3/2017 11:18:51 AM	Gathering extended properties
5/3/2017 11:18:51 AM	Gathering credentials
5/3/2017 11:18:51 AM	Gathering logins
5/3/2017 11:18:51 AM	Gathering server audits
5/3/2017 11:18:54 AM	Scanning project for duplicate elements
5/3/2017 11:18:57 AM	Finished duplicate element processing
5/3/2017 11:19:15 AM	Finished importing database.
5/3/2017 11:19:15 AM	A summary of the import was saved to the following location: d:\Users\greentx.NA\Documents\Visual Studio 2015\Projects\portal-Sequence\portal-Sequence\Import Schema Logs\portal-Sequence_20170503061840.log
5/3/2017 11:19:15 AM	Click Finish to continue...
