6/22/2015 3:16:03 PM	This log contains information about the import schema operation into project 'JunkDB' on computer 'SNODRND0055' by user 'greentx'.
6/22/2015 3:16:03 PM	Import of database schema has started.
6/22/2015 3:16:10 PM	Gathering database options
6/22/2015 3:16:10 PM	Gathering users
6/22/2015 3:16:10 PM	Gathering roles
6/22/2015 3:16:10 PM	Gathering application roles
6/22/2015 3:16:10 PM	Gathering role memberships
6/22/2015 3:16:10 PM	Gathering filegroups
6/22/2015 3:16:10 PM	Gathering full-text catalogs
6/22/2015 3:16:10 PM	Gathering assemblies
6/22/2015 3:16:10 PM	Gathering certificates
6/22/2015 3:16:10 PM	Gathering asymmetric keys
6/22/2015 3:16:10 PM	Gathering symmetric keys
6/22/2015 3:16:10 PM	Gathering encrypted symmetric keys
6/22/2015 3:16:10 PM	Gathering schemas
6/22/2015 3:16:10 PM	Gathering XML schema collections
6/22/2015 3:16:10 PM	Gathering user-defined data types
6/22/2015 3:16:10 PM	Gathering user-defined types
6/22/2015 3:16:10 PM	Gathering table types
6/22/2015 3:16:10 PM	Gathering unique keys for table types
6/22/2015 3:16:10 PM	Gathering primary keys for table types
6/22/2015 3:16:10 PM	Gathering check constraints for table types
6/22/2015 3:16:10 PM	Gathering default constraints for table types
6/22/2015 3:16:10 PM	Gathering partition functions
6/22/2015 3:16:10 PM	Gathering partition schemes
6/22/2015 3:16:10 PM	Gathering functions
6/22/2015 3:16:10 PM	Gathering encrypted functions
6/22/2015 3:16:10 PM	Gathering aggregates
6/22/2015 3:16:10 PM	Gathering procedures
6/22/2015 3:16:10 PM	Gathering encrypted procedures
6/22/2015 3:16:10 PM	Gathering tables
6/22/2015 3:16:10 PM	Gathering primary keys
6/22/2015 3:16:10 PM	Gathering unique constraints
6/22/2015 3:16:10 PM	Gathering foreign keys
6/22/2015 3:16:10 PM	Gathering default constraints
6/22/2015 3:16:10 PM	Gathering check constraints
6/22/2015 3:16:10 PM	Gathering views
6/22/2015 3:16:10 PM	Gathering encrypted views
6/22/2015 3:16:10 PM	Gathering indexes
6/22/2015 3:16:10 PM	Gathering statistics
6/22/2015 3:16:10 PM	Gathering full-text index stoplists
6/22/2015 3:16:10 PM	Gathering search property lists
6/22/2015 3:16:10 PM	Gathering search properties
6/22/2015 3:16:10 PM	Gathering full-text indexes
6/22/2015 3:16:10 PM	Gathering column store indexes
6/22/2015 3:16:10 PM	Gathering spatial indexes
6/22/2015 3:16:10 PM	Gathering XML indexes
6/22/2015 3:16:10 PM	Gathering Selective XML indexes
6/22/2015 3:16:10 PM	Gathering encrypted triggers
6/22/2015 3:16:10 PM	Gathering triggers
6/22/2015 3:16:10 PM	Gathering encrypted and clr ddl triggers
6/22/2015 3:16:10 PM	Gathering ddl triggers
6/22/2015 3:16:10 PM	Gathering synonyms
6/22/2015 3:16:10 PM	Gathering defaults
6/22/2015 3:16:10 PM	Gathering data constraint uddt bindings
6/22/2015 3:16:10 PM	Gathering rules
6/22/2015 3:16:10 PM	Gathering data constraint uddt bindings
6/22/2015 3:16:10 PM	Gathering message types
6/22/2015 3:16:10 PM	Gathering queues
6/22/2015 3:16:10 PM	Gathering contracts
6/22/2015 3:16:10 PM	Gathering services
6/22/2015 3:16:10 PM	Gathering event notifications
6/22/2015 3:16:10 PM	Gathering remote service bindings
6/22/2015 3:16:10 PM	Gathering broker priorities
6/22/2015 3:16:10 PM	Gathering signatures
6/22/2015 3:16:10 PM	Gathering data compression options
6/22/2015 3:16:10 PM	Gathering sequence types
6/22/2015 3:16:10 PM	Gathering database permissions
6/22/2015 3:16:10 PM	Gathering extended properties
6/22/2015 3:16:10 PM	Gathering credentials
6/22/2015 3:16:10 PM	Gathering logins
6/22/2015 3:16:10 PM	Gathering server audits
6/22/2015 3:16:11 PM	Scanning project for duplicate elements
6/22/2015 3:16:12 PM	Finished duplicate element processing
6/22/2015 3:16:12 PM	Finished importing database.
6/22/2015 3:16:12 PM	A summary of the import was saved to the following location: c:\users\greentx\documents\visual studio 2013\Projects\JunkDB\JunkDB\Import Schema Logs\JunkDB_20150622101603.log
6/22/2015 3:16:12 PM	Click Finish to continue...
