8/25/2016 12:48:10 PM	This log contains information about the import schema operation into project 'ICSPerformance' on computer 'SNODRND0055' by user 'greentx'.
8/25/2016 12:48:10 PM	Import of database schema has started.
8/25/2016 12:48:16 PM	Gathering database options
8/25/2016 12:48:16 PM	Gathering users
8/25/2016 12:48:16 PM	Gathering roles
8/25/2016 12:48:16 PM	Gathering application roles
8/25/2016 12:48:16 PM	Gathering role memberships
8/25/2016 12:48:16 PM	Gathering filegroups
8/25/2016 12:48:16 PM	Gathering full-text catalogs
8/25/2016 12:48:16 PM	Gathering assemblies
8/25/2016 12:48:16 PM	Gathering certificates
8/25/2016 12:48:16 PM	Gathering asymmetric keys
8/25/2016 12:48:16 PM	Gathering symmetric keys
8/25/2016 12:48:16 PM	Gathering encrypted symmetric keys
8/25/2016 12:48:16 PM	Gathering schemas
8/25/2016 12:48:16 PM	Gathering XML schema collections
8/25/2016 12:48:16 PM	Gathering user-defined data types
8/25/2016 12:48:16 PM	Gathering user-defined types
8/25/2016 12:48:16 PM	Gathering table types
8/25/2016 12:48:16 PM	Gathering unique keys for table types
8/25/2016 12:48:16 PM	Gathering primary keys for table types
8/25/2016 12:48:16 PM	Gathering indexes for table types
8/25/2016 12:48:16 PM	Gathering check constraints for table types
8/25/2016 12:48:16 PM	Gathering default constraints for table types
8/25/2016 12:48:16 PM	Gathering partition functions
8/25/2016 12:48:16 PM	Gathering partition schemes
8/25/2016 12:48:16 PM	Gathering functions
8/25/2016 12:48:16 PM	Gathering encrypted functions
8/25/2016 12:48:16 PM	Gathering aggregates
8/25/2016 12:48:16 PM	Gathering procedures
8/25/2016 12:48:16 PM	Gathering encrypted procedures
8/25/2016 12:48:16 PM	Gathering tables
8/25/2016 12:48:16 PM	Gathering primary keys
8/25/2016 12:48:16 PM	Gathering unique constraints
8/25/2016 12:48:16 PM	Gathering foreign keys
8/25/2016 12:48:16 PM	Gathering default constraints
8/25/2016 12:48:16 PM	Gathering check constraints
8/25/2016 12:48:16 PM	Gathering views
8/25/2016 12:48:16 PM	Gathering encrypted views
8/25/2016 12:48:16 PM	Gathering indexes
8/25/2016 12:48:16 PM	Gathering statistics
8/25/2016 12:48:16 PM	Gathering full-text index stoplists
8/25/2016 12:48:16 PM	Gathering search property lists
8/25/2016 12:48:16 PM	Gathering search properties
8/25/2016 12:48:16 PM	Gathering full-text indexes
8/25/2016 12:48:16 PM	Gathering column store indexes
8/25/2016 12:48:16 PM	Gathering spatial indexes
8/25/2016 12:48:16 PM	Gathering XML indexes
8/25/2016 12:48:16 PM	Gathering Selective XML indexes
8/25/2016 12:48:16 PM	Gathering encrypted triggers
8/25/2016 12:48:16 PM	Gathering triggers
8/25/2016 12:48:16 PM	Gathering encrypted and clr ddl triggers
8/25/2016 12:48:16 PM	Gathering ddl triggers
8/25/2016 12:48:16 PM	Gathering synonyms
8/25/2016 12:48:16 PM	Gathering defaults
8/25/2016 12:48:16 PM	Gathering data constraint uddt bindings
8/25/2016 12:48:16 PM	Gathering rules
8/25/2016 12:48:16 PM	Gathering data constraint uddt bindings
8/25/2016 12:48:16 PM	Gathering message types
8/25/2016 12:48:16 PM	Gathering queues
8/25/2016 12:48:16 PM	Gathering contracts
8/25/2016 12:48:16 PM	Gathering services
8/25/2016 12:48:16 PM	Gathering event notifications
8/25/2016 12:48:16 PM	Gathering remote service bindings
8/25/2016 12:48:16 PM	Gathering broker priorities
8/25/2016 12:48:16 PM	Gathering signatures
8/25/2016 12:48:16 PM	Gathering data compression options
8/25/2016 12:48:16 PM	Gathering sequence types
8/25/2016 12:48:16 PM	Gathering extended properties
8/25/2016 12:48:16 PM	Gathering credentials
8/25/2016 12:48:16 PM	Gathering logins
8/25/2016 12:48:16 PM	Gathering server audits
8/25/2016 12:48:17 PM	Scanning project for duplicate elements
8/25/2016 12:48:17 PM	Finished duplicate element processing
8/25/2016 12:48:17 PM	Finished importing database.
8/25/2016 12:48:17 PM	A summary of the import was saved to the following location: d:\documents\visual studio 2015\Projects\ICSPerformance\ICSPerformance\Import Schema Logs\ICSPerformance_20160825074810.log
8/25/2016 12:48:17 PM	Click Finish to continue...
