8/29/2016 3:25:16 PM	This log contains information about the import schema operation into project 'master' on computer 'SNODRND0055' by user 'greentx'.
8/29/2016 3:25:16 PM	Import of database schema has started.
8/29/2016 3:25:19 PM	Gathering error messages
8/29/2016 3:25:19 PM	Gathering cryptographic providers
8/29/2016 3:25:19 PM	Gathering credentials
8/29/2016 3:25:19 PM	Gathering logins
8/29/2016 3:25:19 PM	Gathering server roles
8/29/2016 3:25:19 PM	Gathering server role memberships
8/29/2016 3:25:19 PM	Gathering linked servers
8/29/2016 3:25:19 PM	Gathering linked server logins
8/29/2016 3:25:19 PM	Gathering routes
8/29/2016 3:25:19 PM	Gathering ddl triggers
8/29/2016 3:25:19 PM	Gathering encrypted and clr ddl triggers
8/29/2016 3:25:19 PM	Gathering event notifications
8/29/2016 3:25:19 PM	Gathering server audits
8/29/2016 3:25:19 PM	Gathering server audit specifications
8/29/2016 3:25:19 PM	Gathering event notifications
8/29/2016 3:25:23 PM	Gathering database options
8/29/2016 3:25:23 PM	Gathering users
8/29/2016 3:25:23 PM	Gathering roles
8/29/2016 3:25:23 PM	Gathering application roles
8/29/2016 3:25:23 PM	Gathering role memberships
8/29/2016 3:25:23 PM	Gathering filegroups
8/29/2016 3:25:23 PM	Gathering files
8/29/2016 3:25:23 PM	Gathering full-text catalogs
8/29/2016 3:25:23 PM	Gathering assemblies
8/29/2016 3:25:23 PM	Gathering certificates
8/29/2016 3:25:23 PM	Gathering asymmetric keys
8/29/2016 3:25:23 PM	Gathering symmetric keys
8/29/2016 3:25:23 PM	Gathering encrypted symmetric keys
8/29/2016 3:25:23 PM	Gathering database encryption keys
8/29/2016 3:25:23 PM	Gathering schemas
8/29/2016 3:25:23 PM	Gathering XML schema collections
8/29/2016 3:25:23 PM	Gathering user-defined data types
8/29/2016 3:25:23 PM	Gathering user-defined types
8/29/2016 3:25:23 PM	Gathering table types
8/29/2016 3:25:23 PM	Gathering unique keys for table types
8/29/2016 3:25:23 PM	Gathering primary keys for table types
8/29/2016 3:25:23 PM	Gathering indexes for table types
8/29/2016 3:25:23 PM	Gathering check constraints for table types
8/29/2016 3:25:23 PM	Gathering default constraints for table types
8/29/2016 3:25:23 PM	Gathering partition functions
8/29/2016 3:25:23 PM	Gathering partition schemes
8/29/2016 3:25:23 PM	Gathering functions
8/29/2016 3:25:23 PM	Gathering encrypted functions
8/29/2016 3:25:23 PM	Gathering aggregates
8/29/2016 3:25:23 PM	Gathering procedures
8/29/2016 3:25:24 PM	Gathering encrypted procedures
8/29/2016 3:25:24 PM	Gathering tables
8/29/2016 3:25:24 PM	Gathering primary keys
8/29/2016 3:25:24 PM	Gathering unique constraints
8/29/2016 3:25:24 PM	Gathering foreign keys
8/29/2016 3:25:24 PM	Gathering default constraints
8/29/2016 3:25:24 PM	Gathering check constraints
8/29/2016 3:25:24 PM	Gathering views
8/29/2016 3:25:24 PM	Gathering encrypted views
8/29/2016 3:25:24 PM	Gathering indexes
8/29/2016 3:25:24 PM	Gathering statistics
8/29/2016 3:25:24 PM	Gathering full-text index stoplists
8/29/2016 3:25:24 PM	Gathering search property lists
8/29/2016 3:25:24 PM	Gathering search properties
8/29/2016 3:25:24 PM	Gathering full-text indexes
8/29/2016 3:25:24 PM	Gathering column store indexes
8/29/2016 3:25:24 PM	Gathering spatial indexes
8/29/2016 3:25:24 PM	Gathering XML indexes
8/29/2016 3:25:24 PM	Gathering Selective XML indexes
8/29/2016 3:25:24 PM	Gathering encrypted triggers
8/29/2016 3:25:24 PM	Gathering triggers
8/29/2016 3:25:24 PM	Gathering encrypted and clr ddl triggers
8/29/2016 3:25:24 PM	Gathering ddl triggers
8/29/2016 3:25:24 PM	Gathering synonyms
8/29/2016 3:25:24 PM	Gathering defaults
8/29/2016 3:25:24 PM	Gathering data constraint uddt bindings
8/29/2016 3:25:24 PM	Gathering rules
8/29/2016 3:25:24 PM	Gathering data constraint uddt bindings
8/29/2016 3:25:24 PM	Gathering message types
8/29/2016 3:25:24 PM	Gathering queues
8/29/2016 3:25:24 PM	Gathering contracts
8/29/2016 3:25:24 PM	Gathering services
8/29/2016 3:25:24 PM	Gathering routes
8/29/2016 3:25:24 PM	Gathering event notifications
8/29/2016 3:25:24 PM	Gathering remote service bindings
8/29/2016 3:25:24 PM	Gathering broker priorities
8/29/2016 3:25:24 PM	Gathering database audit specifications
8/29/2016 3:25:24 PM	Gathering signatures
8/29/2016 3:25:24 PM	Gathering data compression options
8/29/2016 3:25:24 PM	Gathering sequence types
8/29/2016 3:25:24 PM	Gathering extended properties
8/29/2016 3:25:25 PM	Scanning project for duplicate elements
8/29/2016 3:25:25 PM	Finished duplicate element processing
8/29/2016 3:25:26 PM	Finished importing database.
8/29/2016 3:25:26 PM	A summary of the import was saved to the following location: d:\documents\visual studio 2015\Projects\master\master\Import Schema Logs\master_20160829102516.log
8/29/2016 3:25:26 PM	Click Finish to continue...
