9/28/2017 7:58:21 AM	This log contains information about the import schema operation into project 'PortalPerf' on computer 'SNODRND0055' by user 'greentx'.
9/28/2017 7:58:22 AM	Import of database schema has started.
9/28/2017 7:58:27 AM	Gathering database options
9/28/2017 7:58:28 AM	Gathering users
9/28/2017 7:58:28 AM	Gathering roles
9/28/2017 7:58:28 AM	Gathering application roles
9/28/2017 7:58:28 AM	Gathering role memberships
9/28/2017 7:58:28 AM	Gathering filegroups
9/28/2017 7:58:28 AM	Gathering full-text catalogs
9/28/2017 7:58:28 AM	Gathering assemblies
9/28/2017 7:58:28 AM	Gathering certificates
9/28/2017 7:58:28 AM	Gathering asymmetric keys
9/28/2017 7:58:28 AM	Gathering symmetric keys
9/28/2017 7:58:28 AM	Gathering encrypted symmetric keys
9/28/2017 7:58:28 AM	Gathering schemas
9/28/2017 7:58:28 AM	Gathering XML schema collections
9/28/2017 7:58:28 AM	Gathering user-defined data types
9/28/2017 7:58:28 AM	Gathering user-defined types
9/28/2017 7:58:28 AM	Gathering table types
9/28/2017 7:58:28 AM	Gathering unique keys for table types
9/28/2017 7:58:28 AM	Gathering primary keys for table types
9/28/2017 7:58:28 AM	Gathering indexes for table types
9/28/2017 7:58:28 AM	Gathering check constraints for table types
9/28/2017 7:58:28 AM	Gathering default constraints for table types
9/28/2017 7:58:28 AM	Gathering partition functions
9/28/2017 7:58:28 AM	Gathering partition schemes
9/28/2017 7:58:28 AM	Gathering functions
9/28/2017 7:58:28 AM	Gathering encrypted functions
9/28/2017 7:58:28 AM	Gathering aggregates
9/28/2017 7:58:28 AM	Gathering procedures
9/28/2017 7:58:28 AM	Gathering encrypted procedures
9/28/2017 7:58:28 AM	Gathering tables
9/28/2017 7:58:28 AM	Gathering primary keys
9/28/2017 7:58:28 AM	Gathering unique constraints
9/28/2017 7:58:28 AM	Gathering foreign keys
9/28/2017 7:58:28 AM	Gathering default constraints
9/28/2017 7:58:28 AM	Gathering check constraints
9/28/2017 7:58:28 AM	Gathering views
9/28/2017 7:58:28 AM	Gathering encrypted views
9/28/2017 7:58:28 AM	Gathering indexes
9/28/2017 7:58:28 AM	Gathering statistics
9/28/2017 7:58:28 AM	Gathering full-text index stoplists
9/28/2017 7:58:28 AM	Gathering search property lists
9/28/2017 7:58:28 AM	Gathering search properties
9/28/2017 7:58:28 AM	Gathering full-text indexes
9/28/2017 7:58:28 AM	Gathering column store indexes
9/28/2017 7:58:28 AM	Gathering spatial indexes
9/28/2017 7:58:28 AM	Gathering XML indexes
9/28/2017 7:58:28 AM	Gathering Selective XML indexes
9/28/2017 7:58:28 AM	Gathering encrypted triggers
9/28/2017 7:58:28 AM	Gathering triggers
9/28/2017 7:58:28 AM	Gathering encrypted and clr ddl triggers
9/28/2017 7:58:28 AM	Gathering ddl triggers
9/28/2017 7:58:28 AM	Gathering synonyms
9/28/2017 7:58:28 AM	Gathering defaults
9/28/2017 7:58:28 AM	Gathering data constraint uddt bindings
9/28/2017 7:58:28 AM	Gathering rules
9/28/2017 7:58:28 AM	Gathering data constraint uddt bindings
9/28/2017 7:58:28 AM	Gathering message types
9/28/2017 7:58:28 AM	Gathering queues
9/28/2017 7:58:28 AM	Gathering contracts
9/28/2017 7:58:28 AM	Gathering services
9/28/2017 7:58:28 AM	Gathering event notifications
9/28/2017 7:58:28 AM	Gathering remote service bindings
9/28/2017 7:58:28 AM	Gathering broker priorities
9/28/2017 7:58:28 AM	Gathering signatures
9/28/2017 7:58:28 AM	Gathering data compression options
9/28/2017 7:58:28 AM	Gathering sequence types
9/28/2017 7:58:28 AM	Gathering extended properties
9/28/2017 7:58:30 AM	Gathering credentials
9/28/2017 7:58:30 AM	Gathering logins
9/28/2017 7:58:30 AM	Gathering server audits
9/28/2017 7:58:31 AM	Scanning project for duplicate elements
9/28/2017 7:58:32 AM	Finished duplicate element processing
9/28/2017 7:58:32 AM	Finished importing database.
9/28/2017 7:58:32 AM	A summary of the import was saved to the following location: d:\Users\greentx.NA\Documents\Visual Studio 2017\Projects\PortalPerf\PortalPerf\Import Schema Logs\PortalPerf_20170928025821.log
9/28/2017 7:58:32 AM	Click Finish to continue...
