6/9/2015 11:51:56 AM	This log contains information about the import schema operation into project 'PER730XD-Portal50' on computer 'SNODRND0055' by user 'greentx'.
6/9/2015 11:51:57 AM	Import of database schema has started.
6/9/2015 11:52:15 AM	Gathering database options
6/9/2015 11:52:15 AM	Gathering users
6/9/2015 11:52:15 AM	Gathering roles
6/9/2015 11:52:15 AM	Gathering application roles
6/9/2015 11:52:15 AM	Gathering role memberships
6/9/2015 11:52:15 AM	Gathering filegroups
6/9/2015 11:52:15 AM	Gathering full-text catalogs
6/9/2015 11:52:15 AM	Gathering assemblies
6/9/2015 11:52:15 AM	Gathering certificates
6/9/2015 11:52:15 AM	Gathering asymmetric keys
6/9/2015 11:52:15 AM	Gathering symmetric keys
6/9/2015 11:52:15 AM	Gathering encrypted symmetric keys
6/9/2015 11:52:15 AM	Gathering schemas
6/9/2015 11:52:15 AM	Gathering XML schema collections
6/9/2015 11:52:15 AM	Gathering user-defined data types
6/9/2015 11:52:15 AM	Gathering user-defined types
6/9/2015 11:52:15 AM	Gathering table types
6/9/2015 11:52:15 AM	Gathering unique keys for table types
6/9/2015 11:52:15 AM	Gathering primary keys for table types
6/9/2015 11:52:15 AM	Gathering check constraints for table types
6/9/2015 11:52:15 AM	Gathering default constraints for table types
6/9/2015 11:52:15 AM	Gathering partition functions
6/9/2015 11:52:15 AM	Gathering partition schemes
6/9/2015 11:52:15 AM	Gathering functions
6/9/2015 11:52:15 AM	Gathering encrypted functions
6/9/2015 11:52:15 AM	Gathering aggregates
6/9/2015 11:52:15 AM	Gathering procedures
6/9/2015 11:52:16 AM	Gathering encrypted procedures
6/9/2015 11:52:16 AM	Gathering tables
6/9/2015 11:52:16 AM	Gathering primary keys
6/9/2015 11:52:16 AM	Gathering unique constraints
6/9/2015 11:52:16 AM	Gathering foreign keys
6/9/2015 11:52:16 AM	Gathering default constraints
6/9/2015 11:52:16 AM	Gathering check constraints
6/9/2015 11:52:16 AM	Gathering views
6/9/2015 11:52:16 AM	Gathering encrypted views
6/9/2015 11:52:16 AM	Gathering indexes
6/9/2015 11:52:17 AM	Gathering statistics
6/9/2015 11:52:17 AM	Gathering full-text index stoplists
6/9/2015 11:52:17 AM	Gathering search property lists
6/9/2015 11:52:17 AM	Gathering search properties
6/9/2015 11:52:17 AM	Gathering full-text indexes
6/9/2015 11:52:17 AM	Gathering column store indexes
6/9/2015 11:52:17 AM	Gathering spatial indexes
6/9/2015 11:52:17 AM	Gathering XML indexes
6/9/2015 11:52:17 AM	Gathering Selective XML indexes
6/9/2015 11:52:17 AM	Gathering encrypted triggers
6/9/2015 11:52:17 AM	Gathering triggers
6/9/2015 11:52:17 AM	Gathering encrypted and clr ddl triggers
6/9/2015 11:52:17 AM	Gathering ddl triggers
6/9/2015 11:52:17 AM	Gathering synonyms
6/9/2015 11:52:17 AM	Gathering defaults
6/9/2015 11:52:17 AM	Gathering data constraint uddt bindings
6/9/2015 11:52:17 AM	Gathering rules
6/9/2015 11:52:17 AM	Gathering data constraint uddt bindings
6/9/2015 11:52:17 AM	Gathering message types
6/9/2015 11:52:17 AM	Gathering queues
6/9/2015 11:52:17 AM	Gathering contracts
6/9/2015 11:52:17 AM	Gathering services
6/9/2015 11:52:17 AM	Gathering event notifications
6/9/2015 11:52:17 AM	Gathering remote service bindings
6/9/2015 11:52:17 AM	Gathering broker priorities
6/9/2015 11:52:17 AM	Gathering signatures
6/9/2015 11:52:17 AM	Gathering data compression options
6/9/2015 11:52:17 AM	Gathering sequence types
6/9/2015 11:52:17 AM	Gathering extended properties
6/9/2015 11:52:18 AM	Gathering credentials
6/9/2015 11:52:18 AM	Gathering logins
6/9/2015 11:52:18 AM	Gathering server audits
6/9/2015 11:52:20 AM	Scanning project for duplicate elements
6/9/2015 11:52:22 AM	Finished duplicate element processing
6/9/2015 11:52:30 AM	Finished importing database.
6/9/2015 11:52:30 AM	A summary of the import was saved to the following location: c:\users\greentx\documents\visual studio 2013\Projects\PER730XD-Portal50\PER730XD-Portal50\Import Schema Logs\PER730XD-Portal50_20150609065156.log
6/9/2015 11:52:30 AM	Click Finish to continue...
