2/29/2016 12:59:20 PM	This log contains information about the import schema operation into project 'msdb-jobs' on computer 'SNODRND0055' by user 'greentx'.
2/29/2016 12:59:20 PM	Import of database schema has started.
2/29/2016 12:59:29 PM	Gathering database options
2/29/2016 12:59:29 PM	Gathering users
2/29/2016 12:59:29 PM	Gathering roles
2/29/2016 12:59:29 PM	Gathering application roles
2/29/2016 12:59:29 PM	Gathering role memberships
2/29/2016 12:59:29 PM	Gathering filegroups
2/29/2016 12:59:29 PM	Gathering full-text catalogs
2/29/2016 12:59:29 PM	Gathering assemblies
2/29/2016 12:59:29 PM	Gathering certificates
2/29/2016 12:59:29 PM	Gathering asymmetric keys
2/29/2016 12:59:29 PM	Gathering symmetric keys
2/29/2016 12:59:29 PM	Gathering encrypted symmetric keys
2/29/2016 12:59:29 PM	Gathering schemas
2/29/2016 12:59:29 PM	Gathering XML schema collections
2/29/2016 12:59:30 PM	Gathering user-defined data types
2/29/2016 12:59:30 PM	Gathering user-defined types
2/29/2016 12:59:30 PM	Gathering table types
2/29/2016 12:59:30 PM	Gathering unique keys for table types
2/29/2016 12:59:30 PM	Gathering primary keys for table types
2/29/2016 12:59:30 PM	Gathering check constraints for table types
2/29/2016 12:59:30 PM	Gathering default constraints for table types
2/29/2016 12:59:30 PM	Gathering partition functions
2/29/2016 12:59:30 PM	Gathering partition schemes
2/29/2016 12:59:30 PM	Gathering functions
2/29/2016 12:59:30 PM	Gathering encrypted functions
2/29/2016 12:59:30 PM	Gathering aggregates
2/29/2016 12:59:30 PM	Gathering procedures
2/29/2016 12:59:30 PM	Gathering encrypted procedures
2/29/2016 12:59:30 PM	Gathering tables
2/29/2016 12:59:30 PM	Gathering primary keys
2/29/2016 12:59:30 PM	Gathering unique constraints
2/29/2016 12:59:30 PM	Gathering foreign keys
2/29/2016 12:59:30 PM	Gathering default constraints
2/29/2016 12:59:30 PM	Gathering check constraints
2/29/2016 12:59:30 PM	Gathering views
2/29/2016 12:59:30 PM	Gathering encrypted views
2/29/2016 12:59:30 PM	Gathering indexes
2/29/2016 12:59:30 PM	Gathering statistics
2/29/2016 12:59:30 PM	Gathering full-text index stoplists
2/29/2016 12:59:30 PM	Gathering search property lists
2/29/2016 12:59:30 PM	Gathering search properties
2/29/2016 12:59:30 PM	Gathering full-text indexes
2/29/2016 12:59:30 PM	Gathering column store indexes
2/29/2016 12:59:30 PM	Gathering spatial indexes
2/29/2016 12:59:30 PM	Gathering XML indexes
2/29/2016 12:59:30 PM	Gathering Selective XML indexes
2/29/2016 12:59:30 PM	Gathering encrypted triggers
2/29/2016 12:59:30 PM	Gathering triggers
2/29/2016 12:59:30 PM	Gathering encrypted and clr ddl triggers
2/29/2016 12:59:30 PM	Gathering ddl triggers
2/29/2016 12:59:30 PM	Gathering synonyms
2/29/2016 12:59:30 PM	Gathering defaults
2/29/2016 12:59:30 PM	Gathering data constraint uddt bindings
2/29/2016 12:59:30 PM	Gathering rules
2/29/2016 12:59:30 PM	Gathering data constraint uddt bindings
2/29/2016 12:59:30 PM	Gathering message types
2/29/2016 12:59:30 PM	Gathering queues
2/29/2016 12:59:30 PM	Gathering contracts
2/29/2016 12:59:30 PM	Gathering services
2/29/2016 12:59:30 PM	Gathering event notifications
2/29/2016 12:59:30 PM	Gathering remote service bindings
2/29/2016 12:59:30 PM	Gathering broker priorities
2/29/2016 12:59:30 PM	Gathering signatures
2/29/2016 12:59:30 PM	Gathering data compression options
2/29/2016 12:59:30 PM	Gathering sequence types
2/29/2016 12:59:30 PM	Gathering extended properties
2/29/2016 12:59:30 PM	Gathering credentials
2/29/2016 12:59:30 PM	Gathering logins
2/29/2016 12:59:30 PM	Gathering server audits
2/29/2016 12:59:31 PM	Scanning project for duplicate elements
2/29/2016 12:59:31 PM	Finished duplicate element processing
2/29/2016 12:59:32 PM	Finished importing database.
2/29/2016 12:59:32 PM	A summary of the import was saved to the following location: d:\Documents\Visual Studio 2015\Projects\msdb-jobs\msdb-jobs\Import Schema Logs\msdb-jobs_20160229085920.log
2/29/2016 12:59:32 PM	Click Finish to continue...
